# JRE version: OpenJDK Runtime Environment Temurin-21.0.10+7 (21.0.10+7) (build 21.0.10+7-LTS)
# Java VM: OpenJDK 64-Bit Server VM Temurin-21.0.10+7 (21.0.10+7-LTS, mixed mode, sharing, tiered, compressed oops, compressed class ptrs, parallel gc, windows-amd64)
GC Precious Log:
 CardTable entry size: 512
 CPUs: 8 total, 8 available
 Memory: 8006M
 Large Page Support: Disabled
 NUMA Support: Disabled
 Compressed Oops: Enabled (32-bit)
 Alignments: Space 512K, Generation 512K, Heap 2M
 Heap Min Capacity: 100M
 Heap Initial Capacity: 100M
 Heap Max Capacity: 2G
 Pre-touch: Disabled
 Parallel Workers: 8
Heap:
 PSYoungGen      total 11776K, used 496K [0x00000000d5580000, 0x00000000d6200000, 0x0000000100000000)
  eden space 11264K, 2% used [0x00000000d5580000,0x00000000d55c43e0,0x00000000d6080000)
  from space 512K, 43% used [0x00000000d6180000,0x00000000d61b8000,0x00000000d6200000)
  to   space 512K, 0% used [0x00000000d6100000,0x00000000d6100000,0x00000000d6180000)
 ParOldGen       total 822784K, used 822412K [0x0000000080000000, 0x00000000b2380000, 0x00000000d5580000)
  object space 822784K, 99% used [0x0000000080000000,0x00000000b2323280,0x00000000b2380000)
 Metaspace       used 86492K, committed 88384K, reserved 1179648K
  class space    used 8547K, committed 9536K, reserved 1048576K
GC Heap History (20 events):
Event: 3267.308 GC heap before
{Heap before GC invocations=1288 (full 5):
 PSYoungGen      total 12800K, used 12688K [0x00000000d5580000, 0x00000000d6380000, 0x0000000100000000)
  eden space 11264K, 100% used [0x00000000d5580000,0x00000000d6080000,0x00000000d6080000)
  from space 1536K, 92% used [0x00000000d6200000,0x00000000d6364030,0x00000000d6380000)
  to   space 1536K, 0% used [0x00000000d6080000,0x00000000d6080000,0x00000000d6200000)
 ParOldGen       total 816640K, used 816559K [0x0000000080000000, 0x00000000b1d80000, 0x00000000d5580000)
  object space 816640K, 99% used [0x0000000080000000,0x00000000b1d6bf50,0x00000000b1d80000)
 Metaspace       used 86321K, committed 88192K, reserved 1179648K
  class space    used 8547K, committed 9536K, reserved 1048576K
}
Event: 3267.311 GC heap after
{Heap after GC invocations=1288 (full 5):
 PSYoungGen      total 12800K, used 1331K [0x00000000d5580000, 0x00000000d6380000, 0x0000000100000000)
  eden space 11264K, 0% used [0x00000000d5580000,0x00000000d5580000,0x00000000d6080000)
  from space 1536K, 86% used [0x00000000d6080000,0x00000000d61ccc30,0x00000000d6200000)
  to   space 1536K, 0% used [0x00000000d6200000,0x00000000d6200000,0x00000000d6380000)
 ParOldGen       total 817664K, used 817606K [0x0000000080000000, 0x00000000b1e80000, 0x00000000d5580000)
  object space 817664K, 99% used [0x0000000080000000,0x00000000b1e71ab0,0x00000000b1e80000)
 Metaspace       used 86321K, committed 88192K, reserved 1179648K
  class space    used 8547K, committed 9536K, reserved 1048576K
}
Event: 3267.347 GC heap before
{Heap before GC invocations=1289 (full 5):
 PSYoungGen      total 12800K, used 12595K [0x00000000d5580000, 0x00000000d6380000, 0x0000000100000000)
  eden space 11264K, 100% used [0x00000000d5580000,0x00000000d6080000,0x00000000d6080000)
  from space 1536K, 86% used [0x00000000d6080000,0x00000000d61ccc30,0x00000000d6200000)
  to   space 1536K, 0% used [0x00000000d6200000,0x00000000d6200000,0x00000000d6380000)
 ParOldGen       total 817664K, used 817606K [0x0000000080000000, 0x00000000b1e80000, 0x00000000d5580000)
  object space 817664K, 99% used [0x0000000080000000,0x00000000b1e71ab0,0x00000000b1e80000)
 Metaspace       used 86321K, committed 88192K, reserved 1179648K
  class space    used 8547K, committed 9536K, reserved 1048576K
}
Event: 3267.350 GC heap after
{Heap after GC invocations=1289 (full 5):
 PSYoungGen      total 12800K, used 864K [0x00000000d5580000, 0x00000000d6380000, 0x0000000100000000)
  eden space 11264K, 0% used [0x00000000d5580000,0x00000000d5580000,0x00000000d6080000)
  from space 1536K, 56% used [0x00000000d6200000,0x00000000d62d8040,0x00000000d6380000)
  to   space 1536K, 0% used [0x00000000d6080000,0x00000000d6080000,0x00000000d6200000)
 ParOldGen       total 819200K, used 818853K [0x0000000080000000, 0x00000000b2000000, 0x00000000d5580000)
  object space 819200K, 99% used [0x0000000080000000,0x00000000b1fa95b0,0x00000000b2000000)
 Metaspace       used 86321K, committed 88192K, reserved 1179648K
  class space    used 8547K, committed 9536K, reserved 1048576K
}
Event: 3267.380 GC heap before
{Heap before GC invocations=1290 (full 5):
 PSYoungGen      total 12800K, used 12128K [0x00000000d5580000, 0x00000000d6380000, 0x0000000100000000)
  eden space 11264K, 100% used [0x00000000d5580000,0x00000000d6080000,0x00000000d6080000)
  from space 1536K, 56% used [0x00000000d6200000,0x00000000d62d8040,0x00000000d6380000)
  to   space 1536K, 0% used [0x00000000d6080000,0x00000000d6080000,0x00000000d6200000)
 ParOldGen       total 819200K, used 818853K [0x0000000080000000, 0x00000000b2000000, 0x00000000d5580000)
  object space 819200K, 99% used [0x0000000080000000,0x00000000b1fa95b0,0x00000000b2000000)
 Metaspace       used 86344K, committed 88256K, reserved 1179648K
  class space    used 8547K, committed 9536K, reserved 1048576K
}
Event: 3267.393 GC heap after
{Heap after GC invocations=1290 (full 5):
 PSYoungGen      total 12800K, used 1168K [0x00000000d5580000, 0x00000000d6380000, 0x0000000100000000)
  eden space 11264K, 0% used [0x00000000d5580000,0x00000000d5580000,0x00000000d6080000)
  from space 1536K, 76% used [0x00000000d6080000,0x00000000d61a4030,0x00000000d6200000)
  to   space 1536K, 0% used [0x00000000d6200000,0x00000000d6200000,0x00000000d6380000)
 ParOldGen       total 819712K, used 819621K [0x0000000080000000, 0x00000000b2080000, 0x00000000d5580000)
  object space 819712K, 99% used [0x0000000080000000,0x00000000b20695f0,0x00000000b2080000)
 Metaspace       used 86344K, committed 88256K, reserved 1179648K
  class space    used 8547K, committed 9536K, reserved 1048576K
}
Event: 3267.445 GC heap before
{Heap before GC invocations=1291 (full 5):
 PSYoungGen      total 12800K, used 12432K [0x00000000d5580000, 0x00000000d6380000, 0x0000000100000000)
  eden space 11264K, 100% used [0x00000000d5580000,0x00000000d6080000,0x00000000d6080000)
  from space 1536K, 76% used [0x00000000d6080000,0x00000000d61a4030,0x00000000d6200000)
  to   space 1536K, 0% used [0x00000000d6200000,0x00000000d6200000,0x00000000d6380000)
 ParOldGen       total 819712K, used 819621K [0x0000000080000000, 0x00000000b2080000, 0x00000000d5580000)
  object space 819712K, 99% used [0x0000000080000000,0x00000000b20695f0,0x00000000b2080000)
 Metaspace       used 86365K, committed 88256K, reserved 1179648K
  class space    used 8547K, committed 9536K, reserved 1048576K
}
Event: 3267.448 GC heap after
{Heap after GC invocations=1291 (full 5):
 PSYoungGen      total 12800K, used 1392K [0x00000000d5580000, 0x00000000d6380000, 0x0000000100000000)
  eden space 11264K, 0% used [0x00000000d5580000,0x00000000d5580000,0x00000000d6080000)
  from space 1536K, 90% used [0x00000000d6200000,0x00000000d635c030,0x00000000d6380000)
  to   space 1536K, 0% used [0x00000000d6080000,0x00000000d6080000,0x00000000d6200000)
 ParOldGen       total 820736K, used 820661K [0x0000000080000000, 0x00000000b2180000, 0x00000000d5580000)
  object space 820736K, 99% used [0x0000000080000000,0x00000000b216d630,0x00000000b2180000)
 Metaspace       used 86365K, committed 88256K, reserved 1179648K
  class space    used 8547K, committed 9536K, reserved 1048576K
}
Event: 3332.531 GC heap before
{Heap before GC invocations=1292 (full 5):
 PSYoungGen      total 12800K, used 12656K [0x00000000d5580000, 0x00000000d6380000, 0x0000000100000000)
  eden space 11264K, 99% used [0x00000000d5580000,0x00000000d607fff0,0x00000000d6080000)
  from space 1536K, 90% used [0x00000000d6200000,0x00000000d635c030,0x00000000d6380000)
  to   space 1536K, 0% used [0x00000000d6080000,0x00000000d6080000,0x00000000d6200000)
 ParOldGen       total 820736K, used 820661K [0x0000000080000000, 0x00000000b2180000, 0x00000000d5580000)
  object space 820736K, 99% used [0x0000000080000000,0x00000000b216d630,0x00000000b2180000)
 Metaspace       used 86368K, committed 88256K, reserved 1179648K
  class space    used 8547K, committed 9536K, reserved 1048576K
}
Event: 3332.538 GC heap after
{Heap after GC invocations=1292 (full 5):
 PSYoungGen      total 12288K, used 688K [0x00000000d5580000, 0x00000000d6280000, 0x0000000100000000)
  eden space 11264K, 0% used [0x00000000d5580000,0x00000000d5580000,0x00000000d6080000)
  from space 1024K, 67% used [0x00000000d6080000,0x00000000d612c010,0x00000000d6180000)
  to   space 1024K, 0% used [0x00000000d6180000,0x00000000d6180000,0x00000000d6280000)
 ParOldGen       total 821760K, used 821692K [0x0000000080000000, 0x00000000b2280000, 0x00000000d5580000)
  object space 821760K, 99% used [0x0000000080000000,0x00000000b226f190,0x00000000b2280000)
 Metaspace       used 86368K, committed 88256K, reserved 1179648K
  class space    used 8547K, committed 9536K, reserved 1048576K
}
Event: 8628.388 GC heap before
{Heap before GC invocations=1293 (full 5):
 PSYoungGen      total 12288K, used 11952K [0x00000000d5580000, 0x00000000d6280000, 0x0000000100000000)
  eden space 11264K, 100% used [0x00000000d5580000,0x00000000d6080000,0x00000000d6080000)
  from space 1024K, 67% used [0x00000000d6080000,0x00000000d612c010,0x00000000d6180000)
  to   space 1024K, 0% used [0x00000000d6180000,0x00000000d6180000,0x00000000d6280000)
 ParOldGen       total 821760K, used 821692K [0x0000000080000000, 0x00000000b2280000, 0x00000000d5580000)
  object space 821760K, 99% used [0x0000000080000000,0x00000000b226f190,0x00000000b2280000)
 Metaspace       used 86414K, committed 88256K, reserved 1179648K
  class space    used 8547K, committed 9536K, reserved 1048576K
}
Event: 8628.716 GC heap after
{Heap after GC invocations=1293 (full 5):
 PSYoungGen      total 11776K, used 224K [0x00000000d5580000, 0x00000000d6200000, 0x0000000100000000)
  eden space 11264K, 0% used [0x00000000d5580000,0x00000000d5580000,0x00000000d6080000)
  from space 512K, 43% used [0x00000000d6180000,0x00000000d61b8000,0x00000000d6200000)
  to   space 512K, 0% used [0x00000000d6100000,0x00000000d6100000,0x00000000d6180000)
 ParOldGen       total 822272K, used 822164K [0x0000000080000000, 0x00000000b2300000, 0x00000000d5580000)
  object space 822272K, 99% used [0x0000000080000000,0x00000000b22e5280,0x00000000b2300000)
 Metaspace       used 86414K, committed 88256K, reserved 1179648K
  class space    used 8547K, committed 9536K, reserved 1048576K
}
Event: 8645.155 GC heap before
{Heap before GC invocations=1294 (full 5):
 PSYoungGen      total 11776K, used 11488K [0x00000000d5580000, 0x00000000d6200000, 0x0000000100000000)
  eden space 11264K, 100% used [0x00000000d5580000,0x00000000d6080000,0x00000000d6080000)
  from space 512K, 43% used [0x00000000d6180000,0x00000000d61b8000,0x00000000d6200000)
  to   space 512K, 0% used [0x00000000d6100000,0x00000000d6100000,0x00000000d6180000)
 ParOldGen       total 822272K, used 822164K [0x0000000080000000, 0x00000000b2300000, 0x00000000d5580000)
  object space 822272K, 99% used [0x0000000080000000,0x00000000b22e5280,0x00000000b2300000)
 Metaspace       used 86431K, committed 88320K, reserved 1179648K
  class space    used 8547K, committed 9536K, reserved 1048576K
}
Event: 8645.197 GC heap after
{Heap after GC invocations=1294 (full 5):
 PSYoungGen      total 11776K, used 352K [0x00000000d5580000, 0x00000000d6200000, 0x0000000100000000)
  eden space 11264K, 0% used [0x00000000d5580000,0x00000000d5580000,0x00000000d6080000)
  from space 512K, 68% used [0x00000000d6100000,0x00000000d6158000,0x00000000d6180000)
  to   space 512K, 0% used [0x00000000d6180000,0x00000000d6180000,0x00000000d6200000)
 ParOldGen       total 822272K, used 822268K [0x0000000080000000, 0x00000000b2300000, 0x00000000d5580000)
  object space 822272K, 99% used [0x0000000080000000,0x00000000b22ff280,0x00000000b2300000)
 Metaspace       used 86431K, committed 88320K, reserved 1179648K
  class space    used 8547K, committed 9536K, reserved 1048576K
}
Event: 8664.814 GC heap before
{Heap before GC invocations=1295 (full 5):
 PSYoungGen      total 11776K, used 11616K [0x00000000d5580000, 0x00000000d6200000, 0x0000000100000000)
  eden space 11264K, 100% used [0x00000000d5580000,0x00000000d6080000,0x00000000d6080000)
  from space 512K, 68% used [0x00000000d6100000,0x00000000d6158000,0x00000000d6180000)
  to   space 512K, 0% used [0x00000000d6180000,0x00000000d6180000,0x00000000d6200000)
 ParOldGen       total 822272K, used 822268K [0x0000000080000000, 0x00000000b2300000, 0x00000000d5580000)
  object space 822272K, 99% used [0x0000000080000000,0x00000000b22ff280,0x00000000b2300000)
 Metaspace       used 86471K, committed 88320K, reserved 1179648K
  class space    used 8547K, committed 9536K, reserved 1048576K
}
Event: 8664.827 GC heap after
{Heap after GC invocations=1295 (full 5):
 PSYoungGen      total 11776K, used 256K [0x00000000d5580000, 0x00000000d6200000, 0x0000000100000000)
  eden space 11264K, 0% used [0x00000000d5580000,0x00000000d5580000,0x00000000d6080000)
  from space 512K, 50% used [0x00000000d6180000,0x00000000d61c0000,0x00000000d6200000)
  to   space 512K, 0% used [0x00000000d6100000,0x00000000d6100000,0x00000000d6180000)
 ParOldGen       total 822784K, used 822324K [0x0000000080000000, 0x00000000b2380000, 0x00000000d5580000)
  object space 822784K, 99% used [0x0000000080000000,0x00000000b230d280,0x00000000b2380000)
 Metaspace       used 86471K, committed 88320K, reserved 1179648K
  class space    used 8547K, committed 9536K, reserved 1048576K
}
Event: 8679.919 GC heap before
{Heap before GC invocations=1296 (full 5):
 PSYoungGen      total 11776K, used 11520K [0x00000000d5580000, 0x00000000d6200000, 0x0000000100000000)
  eden space 11264K, 100% used [0x00000000d5580000,0x00000000d6080000,0x00000000d6080000)
  from space 512K, 50% used [0x00000000d6180000,0x00000000d61c0000,0x00000000d6200000)
  to   space 512K, 0% used [0x00000000d6100000,0x00000000d6100000,0x00000000d6180000)
 ParOldGen       total 822784K, used 822324K [0x0000000080000000, 0x00000000b2380000, 0x00000000d5580000)
  object space 822784K, 99% used [0x0000000080000000,0x00000000b230d280,0x00000000b2380000)
 Metaspace       used 86482K, committed 88320K, reserved 1179648K
  class space    used 8547K, committed 9536K, reserved 1048576K
}
Event: 8679.927 GC heap after
{Heap after GC invocations=1296 (full 5):
 PSYoungGen      total 11776K, used 320K [0x00000000d5580000, 0x00000000d6200000, 0x0000000100000000)
  eden space 11264K, 0% used [0x00000000d5580000,0x00000000d5580000,0x00000000d6080000)
  from space 512K, 62% used [0x00000000d6100000,0x00000000d6150000,0x00000000d6180000)
  to   space 512K, 0% used [0x00000000d6180000,0x00000000d6180000,0x00000000d6200000)
 ParOldGen       total 822784K, used 822388K [0x0000000080000000, 0x00000000b2380000, 0x00000000d5580000)
  object space 822784K, 99% used [0x0000000080000000,0x00000000b231d280,0x00000000b2380000)
 Metaspace       used 86482K, committed 88320K, reserved 1179648K
  class space    used 8547K, committed 9536K, reserved 1048576K
}
Event: 8928.940 GC heap before
{Heap before GC invocations=1297 (full 5):
 PSYoungGen      total 11776K, used 11584K [0x00000000d5580000, 0x00000000d6200000, 0x0000000100000000)
  eden space 11264K, 100% used [0x00000000d5580000,0x00000000d6080000,0x00000000d6080000)
  from space 512K, 62% used [0x00000000d6100000,0x00000000d6150000,0x00000000d6180000)
  to   space 512K, 0% used [0x00000000d6180000,0x00000000d6180000,0x00000000d6200000)
 ParOldGen       total 822784K, used 822388K [0x0000000080000000, 0x00000000b2380000, 0x00000000d5580000)
  object space 822784K, 99% used [0x0000000080000000,0x00000000b231d280,0x00000000b2380000)
 Metaspace       used 86492K, committed 88384K, reserved 1179648K
  class space    used 8547K, committed 9536K, reserved 1048576K
}
Event: 8929.084 GC heap after
{Heap after GC invocations=1297 (full 5):
 PSYoungGen      total 11776K, used 224K [0x00000000d5580000, 0x00000000d6200000, 0x0000000100000000)
  eden space 11264K, 0% used [0x00000000d5580000,0x00000000d5580000,0x00000000d6080000)
  from space 512K, 43% used [0x00000000d6180000,0x00000000d61b8000,0x00000000d6200000)
  to   space 512K, 0% used [0x00000000d6100000,0x00000000d6100000,0x00000000d6180000)
 ParOldGen       total 822784K, used 822412K [0x0000000080000000, 0x00000000b2380000, 0x00000000d5580000)
  object space 822784K, 99% used [0x0000000080000000,0x00000000b2323280,0x00000000b2380000)
 Metaspace       used 86492K, committed 88384K, reserved 1179648K
  class space    used 8547K, committed 9536K, reserved 1048576K
}

